2014-08-25 20:13:04.081 HelloWorld[2118:70b] Multi-tasking -> Device: YES, App: YES
2014-08-25 20:13:04.110 HelloWorld[2118:70b] Unlimited access to network resources
2014-08-25 20:13:04.121 HelloWorld[2118:70b] 

Started backup to iCloud! Please be careful.
Your application might rejected by Apple if you store too much data.
For more information please read "iOS Data Storage Guidelines"
You could find it at the following address https://developer.apple.com/icloud/documentation/data-storage/ .

2014-08-25 20:13:04.654 HelloWorld[2118:70b] Resetting plugins due to page load.
2014-08-25 20:13:04.830 HelloWorld[2118:70b] Finished load of: file:///Users/ddrmanxbxfr/Library/Application%20Support/iPhone%20Simulator/7.1/Applications/ADCB49C0-6BAD-4D55-B2FD-4624CF06F993/HelloWorld.app/www/index.html
2014-08-25 20:13:25.475 HelloWorld[2382:70b] Multi-tasking -> Device: YES, App: YES
2014-08-25 20:13:25.483 HelloWorld[2382:70b] Unlimited access to network resources
2014-08-25 20:13:25.487 HelloWorld[2382:70b] 

Started backup to iCloud! Please be careful.
Your application might rejected by Apple if you store too much data.
For more information please read "iOS Data Storage Guidelines"
You could find it at the following address https://developer.apple.com/icloud/documentation/data-storage/ .

2014-08-25 20:13:25.612 HelloWorld[2382:70b] Resetting plugins due to page load.
2014-08-25 20:13:25.665 HelloWorld[2382:70b] Finished load of: file:///Users/ddrmanxbxfr/Library/Application%20Support/iPhone%20Simulator/7.1/Applications/ADCB49C0-6BAD-4D55-B2FD-4624CF06F993/HelloWorld.app/www/index.html
2014-08-25 20:14:40.301 HelloWorld[2684:70b] Multi-tasking -> Device: YES, App: YES
2014-08-25 20:14:40.314 HelloWorld[2684:70b] Unlimited access to network resources
2014-08-25 20:14:40.320 HelloWorld[2684:70b] 

Started backup to iCloud! Please be careful.
Your application might rejected by Apple if you store too much data.
For more information please read "iOS Data Storage Guidelines"
You could find it at the following address https://developer.apple.com/icloud/documentation/data-storage/ .

2014-08-25 20:14:40.521 HelloWorld[2684:70b] Resetting plugins due to page load.
2014-08-25 20:14:40.636 HelloWorld[2684:70b] Finished load of: file:///Users/ddrmanxbxfr/Library/Application%20Support/iPhone%20Simulator/7.1/Applications/ADCB49C0-6BAD-4D55-B2FD-4624CF06F993/HelloWorld.app/www/index.html
2014-08-25 20:23:46.356 HelloWorld[3005:70b] Multi-tasking -> Device: YES, App: YES
2014-08-25 20:23:46.378 HelloWorld[3005:70b] Unlimited access to network resources
2014-08-25 20:23:46.409 HelloWorld[3005:70b] 

Started backup to iCloud! Please be careful.
Your application might rejected by Apple if you store too much data.
For more information please read "iOS Data Storage Guidelines"
You could find it at the following address https://developer.apple.com/icloud/documentation/data-storage/ .

2014-08-25 20:23:47.051 HelloWorld[3005:70b] Resetting plugins due to page load.
2014-08-25 20:23:47.279 HelloWorld[3005:70b] Finished load of: file:///Users/ddrmanxbxfr/Library/Application%20Support/iPhone%20Simulator/7.1/Applications/ADCB49C0-6BAD-4D55-B2FD-4624CF06F993/HelloWorld.app/www/index.html
2014-08-25 21:28:34.830 HelloWorld[3720:70b] Multi-tasking -> Device: YES, App: YES
2014-08-25 21:28:34.869 HelloWorld[3720:70b] Unlimited access to network resources
2014-08-25 21:28:34.873 HelloWorld[3720:70b] 

Started backup to iCloud! Please be careful.
Your application might rejected by Apple if you store too much data.
For more information please read "iOS Data Storage Guidelines"
You could find it at the following address https://developer.apple.com/icloud/documentation/data-storage/ .

2014-08-25 21:28:35.606 HelloWorld[3720:70b] Resetting plugins due to page load.
2014-08-25 21:28:35.813 HelloWorld[3720:70b] Finished load of: file:///Users/ddrmanxbxfr/Library/Application%20Support/iPhone%20Simulator/7.1/Applications/ADCB49C0-6BAD-4D55-B2FD-4624CF06F993/HelloWorld.app/www/index.html
2014-08-25 21:29:54.253 HelloWorld[3999:70b] Multi-tasking -> Device: YES, App: YES
2014-08-25 21:29:54.262 HelloWorld[3999:70b] Unlimited access to network resources
2014-08-25 21:29:54.266 HelloWorld[3999:70b] 

Started backup to iCloud! Please be careful.
Your application might rejected by Apple if you store too much data.
For more information please read "iOS Data Storage Guidelines"
You could find it at the following address https://developer.apple.com/icloud/documentation/data-storage/ .

2014-08-25 21:29:54.425 HelloWorld[3999:70b] Resetting plugins due to page load.
2014-08-25 21:29:54.489 HelloWorld[3999:70b] Finished load of: file:///Users/ddrmanxbxfr/Library/Application%20Support/iPhone%20Simulator/7.1/Applications/ADCB49C0-6BAD-4D55-B2FD-4624CF06F993/HelloWorld.app/www/index.html
2014-08-25 21:30:17.230 HelloWorld[4295:70b] Multi-tasking -> Device: YES, App: YES
2014-08-25 21:30:17.250 HelloWorld[4295:70b] Unlimited access to network resources
2014-08-25 21:30:17.258 HelloWorld[4295:70b] 

Started backup to iCloud! Please be careful.
Your application might rejected by Apple if you store too much data.
For more information please read "iOS Data Storage Guidelines"
You could find it at the following address https://developer.apple.com/icloud/documentation/data-storage/ .

2014-08-25 21:30:17.462 HelloWorld[4295:70b] Resetting plugins due to page load.
2014-08-25 21:30:17.597 HelloWorld[4295:70b] Finished load of: file:///Users/ddrmanxbxfr/Library/Application%20Support/iPhone%20Simulator/7.1/Applications/ADCB49C0-6BAD-4D55-B2FD-4624CF06F993/HelloWorld.app/www/index.html
2014-08-25 21:31:19.105 HelloWorld[4599:70b] Multi-tasking -> Device: YES, App: YES
2014-08-25 21:31:19.120 HelloWorld[4599:70b] Unlimited access to network resources
2014-08-25 21:31:19.127 HelloWorld[4599:70b] 

Started backup to iCloud! Please be careful.
Your application might rejected by Apple if you store too much data.
For more information please read "iOS Data Storage Guidelines"
You could find it at the following address https://developer.apple.com/icloud/documentation/data-storage/ .

2014-08-25 21:31:19.391 HelloWorld[4599:70b] Resetting plugins due to page load.
2014-08-25 21:31:19.580 HelloWorld[4599:70b] Finished load of: file:///Users/ddrmanxbxfr/Library/Application%20Support/iPhone%20Simulator/7.1/Applications/ADCB49C0-6BAD-4D55-B2FD-4624CF06F993/HelloWorld.app/www/index.html
2014-08-25 21:37:47.889 HelloWorld[4909:70b] Multi-tasking -> Device: YES, App: YES
2014-08-25 21:37:47.938 HelloWorld[4909:70b] Unlimited access to network resources
2014-08-25 21:37:47.946 HelloWorld[4909:70b] 

Started backup to iCloud! Please be careful.
Your application might rejected by Apple if you store too much data.
For more information please read "iOS Data Storage Guidelines"
You could find it at the following address https://developer.apple.com/icloud/documentation/data-storage/ .

2014-08-25 21:37:48.436 HelloWorld[4909:70b] Resetting plugins due to page load.
2014-08-25 21:37:48.718 HelloWorld[4909:70b] Finished load of: file:///Users/ddrmanxbxfr/Library/Application%20Support/iPhone%20Simulator/7.1/Applications/ADCB49C0-6BAD-4D55-B2FD-4624CF06F993/HelloWorld.app/www/index.html
2014-08-25 21:39:00.591 HelloWorld[5207:70b] Multi-tasking -> Device: YES, App: YES
2014-08-25 21:39:00.608 HelloWorld[5207:70b] Unlimited access to network resources
2014-08-25 21:39:00.625 HelloWorld[5207:70b] 

Started backup to iCloud! Please be careful.
Your application might rejected by Apple if you store too much data.
For more information please read "iOS Data Storage Guidelines"
You could find it at the following address https://developer.apple.com/icloud/documentation/data-storage/ .

2014-08-25 21:39:01.140 HelloWorld[5207:70b] Resetting plugins due to page load.
2014-08-25 21:39:01.483 HelloWorld[5207:70b] Finished load of: file:///Users/ddrmanxbxfr/Library/Application%20Support/iPhone%20Simulator/7.1/Applications/ADCB49C0-6BAD-4D55-B2FD-4624CF06F993/HelloWorld.app/www/index.html
2014-08-25 21:59:30.661 HelloWorld[5623:70b] Multi-tasking -> Device: YES, App: YES
2014-08-25 21:59:30.702 HelloWorld[5623:70b] Unlimited access to network resources
2014-08-25 21:59:30.709 HelloWorld[5623:70b] 

Started backup to iCloud! Please be careful.
Your application might rejected by Apple if you store too much data.
For more information please read "iOS Data Storage Guidelines"
You could find it at the following address https://developer.apple.com/icloud/documentation/data-storage/ .

2014-08-25 21:59:31.182 HelloWorld[5623:70b] Resetting plugins due to page load.
2014-08-25 21:59:31.405 HelloWorld[5623:70b] Finished load of: file:///Users/ddrmanxbxfr/Library/Application%20Support/iPhone%20Simulator/7.1/Applications/ADCB49C0-6BAD-4D55-B2FD-4624CF06F993/HelloWorld.app/www/index.html
2014-08-25 22:00:27.258 HelloWorld[5988:70b] Multi-tasking -> Device: YES, App: YES
2014-08-25 22:00:27.272 HelloWorld[5988:70b] Unlimited access to network resources
2014-08-25 22:00:27.278 HelloWorld[5988:70b] 

Started backup to iCloud! Please be careful.
Your application might rejected by Apple if you store too much data.
For more information please read "iOS Data Storage Guidelines"
You could find it at the following address https://developer.apple.com/icloud/documentation/data-storage/ .

2014-08-25 22:00:27.884 HelloWorld[5988:70b] Resetting plugins due to page load.
2014-08-25 22:00:28.112 HelloWorld[5988:70b] Finished load of: file:///Users/ddrmanxbxfr/Library/Application%20Support/iPhone%20Simulator/7.1/Applications/ADCB49C0-6BAD-4D55-B2FD-4624CF06F993/HelloWorld.app/www/index.html
2014-08-25 22:47:39.489 HelloWorld[6812:70b] Multi-tasking -> Device: YES, App: YES
2014-08-25 22:47:39.552 HelloWorld[6812:70b] Unlimited access to network resources
2014-08-25 22:47:39.594 HelloWorld[6812:70b] 

Started backup to iCloud! Please be careful.
Your application might rejected by Apple if you store too much data.
For more information please read "iOS Data Storage Guidelines"
You could find it at the following address https://developer.apple.com/icloud/documentation/data-storage/ .

2014-08-25 22:47:40.051 HelloWorld[6812:70b] Resetting plugins due to page load.
2014-08-25 22:47:40.340 HelloWorld[6812:70b] Finished load of: file:///Users/ddrmanxbxfr/Library/Application%20Support/iPhone%20Simulator/7.1/Applications/ADCB49C0-6BAD-4D55-B2FD-4624CF06F993/HelloWorld.app/www/index.html
2014-08-25 23:14:32.867 ParkingVQ[7373:70b] Multi-tasking -> Device: YES, App: YES
2014-08-25 23:14:33.212 ParkingVQ[7373:70b] Unlimited access to network resources
2014-08-25 23:14:33.251 ParkingVQ[7373:70b] Fix applied for database locations?: YES
2014-08-25 23:14:33.252 ParkingVQ[7373:70b] 

Started backup to iCloud! Please be careful.
Your application might rejected by Apple if you store too much data.
For more information please read "iOS Data Storage Guidelines"
You could find it at the following address https://developer.apple.com/icloud/documentation/data-storage/ .

2014-08-25 23:14:34.011 ParkingVQ[7373:70b] Resetting plugins due to page load.
2014-08-25 23:14:34.416 ParkingVQ[7373:70b] Finished load of: file:///Users/ddrmanxbxfr/Library/Application%20Support/iPhone%20Simulator/7.1/Applications/A2D269E1-4768-4D95-9A2A-5731A1D6B25F/ParkingVQ.app/www/index.html
2014-08-25 23:33:53.428 ParkingVQ[7870:70b] Multi-tasking -> Device: YES, App: YES
2014-08-25 23:33:53.536 ParkingVQ[7870:70b] Unlimited access to network resources
2014-08-25 23:33:53.553 ParkingVQ[7870:70b] 

Started backup to iCloud! Please be careful.
Your application might rejected by Apple if you store too much data.
For more information please read "iOS Data Storage Guidelines"
You could find it at the following address https://developer.apple.com/icloud/documentation/data-storage/ .

2014-08-25 23:33:54.312 ParkingVQ[7870:70b] Resetting plugins due to page load.
2014-08-25 23:33:54.658 ParkingVQ[7870:70b] Finished load of: file:///Users/ddrmanxbxfr/Library/Application%20Support/iPhone%20Simulator/7.1/Applications/A2D269E1-4768-4D95-9A2A-5731A1D6B25F/ParkingVQ.app/www/index.html
2014-08-25 23:49:15.800 ParkingVQ[8350:70b] Multi-tasking -> Device: YES, App: YES
2014-08-25 23:49:15.854 ParkingVQ[8350:70b] Unlimited access to network resources
2014-08-25 23:49:15.866 ParkingVQ[8350:70b] 

Started backup to iCloud! Please be careful.
Your application might rejected by Apple if you store too much data.
For more information please read "iOS Data Storage Guidelines"
You could find it at the following address https://developer.apple.com/icloud/documentation/data-storage/ .

2014-08-25 23:49:16.480 ParkingVQ[8350:70b] Resetting plugins due to page load.
2014-08-25 23:49:16.765 ParkingVQ[8350:70b] Finished load of: file:///Users/ddrmanxbxfr/Library/Application%20Support/iPhone%20Simulator/7.1/Applications/A2D269E1-4768-4D95-9A2A-5731A1D6B25F/ParkingVQ.app/www/index.html
2014-08-25 23:51:37.116 ParkingVQ[8350:70b] Resetting plugins due to page load.
2014-08-25 23:51:40.085 ParkingVQ[8350:70b] Finished load of: http://www.openstreetmap.org/#map=5/51.500/-0.100
2014-08-25 23:52:34.593 ParkingVQ[8350:70b] Resetting plugins due to page load.
2014-08-25 23:52:36.862 ParkingVQ[8350:70b] Finished load of: https://www.openstreetmap.org/user/new
2014-08-25 23:57:20.924 ParkingVQ[8770:70b] Multi-tasking -> Device: YES, App: YES
2014-08-25 23:57:21.003 ParkingVQ[8770:70b] Unlimited access to network resources
2014-08-25 23:57:21.017 ParkingVQ[8770:70b] 

Started backup to iCloud! Please be careful.
Your application might rejected by Apple if you store too much data.
For more information please read "iOS Data Storage Guidelines"
You could find it at the following address https://developer.apple.com/icloud/documentation/data-storage/ .

2014-08-25 23:57:21.705 ParkingVQ[8770:70b] Resetting plugins due to page load.
2014-08-25 23:57:21.955 ParkingVQ[8770:70b] Finished load of: file:///Users/ddrmanxbxfr/Library/Application%20Support/iPhone%20Simulator/7.1/Applications/A2D269E1-4768-4D95-9A2A-5731A1D6B25F/ParkingVQ.app/www/index.html
2014-08-27 17:37:53.717 ParkingVQ[19005:70b] Multi-tasking -> Device: YES, App: YES
2014-08-27 17:37:53.750 ParkingVQ[19005:70b] Unlimited access to network resources
2014-08-27 17:37:53.755 ParkingVQ[19005:70b] 

Started backup to iCloud! Please be careful.
Your application might rejected by Apple if you store too much data.
For more information please read "iOS Data Storage Guidelines"
You could find it at the following address https://developer.apple.com/icloud/documentation/data-storage/ .

2014-08-27 17:37:54.421 ParkingVQ[19005:70b] Resetting plugins due to page load.
2014-08-27 17:37:54.701 ParkingVQ[19005:70b] Finished load of: file:///Users/ddrmanxbxfr/Library/Application%20Support/iPhone%20Simulator/7.1/Applications/A2D269E1-4768-4D95-9A2A-5731A1D6B25F/ParkingVQ.app/www/index.html
2014-08-27 17:47:07.991 ParkingVQ[19461:70b] Multi-tasking -> Device: YES, App: YES
2014-08-27 17:47:08.033 ParkingVQ[19461:70b] Unlimited access to network resources
2014-08-27 17:47:08.041 ParkingVQ[19461:70b] 

Started backup to iCloud! Please be careful.
Your application might rejected by Apple if you store too much data.
For more information please read "iOS Data Storage Guidelines"
You could find it at the following address https://developer.apple.com/icloud/documentation/data-storage/ .

2014-08-27 17:47:08.616 ParkingVQ[19461:70b] Resetting plugins due to page load.
2014-08-27 17:47:08.983 ParkingVQ[19461:70b] Finished load of: file:///Users/ddrmanxbxfr/Library/Application%20Support/iPhone%20Simulator/7.1/Applications/A2D269E1-4768-4D95-9A2A-5731A1D6B25F/ParkingVQ.app/www/index.html
2014-08-27 18:45:07.690 ParkingVQ[20256:70b] Multi-tasking -> Device: YES, App: YES
2014-08-27 18:45:07.735 ParkingVQ[20256:70b] Unlimited access to network resources
2014-08-27 18:45:07.744 ParkingVQ[20256:70b] 

Started backup to iCloud! Please be careful.
Your application might rejected by Apple if you store too much data.
For more information please read "iOS Data Storage Guidelines"
You could find it at the following address https://developer.apple.com/icloud/documentation/data-storage/ .

2014-08-27 18:45:08.478 ParkingVQ[20256:70b] Resetting plugins due to page load.
2014-08-27 18:45:08.874 ParkingVQ[20256:70b] Finished load of: file:///Users/ddrmanxbxfr/Library/Application%20Support/iPhone%20Simulator/7.1/Applications/A2D269E1-4768-4D95-9A2A-5731A1D6B25F/ParkingVQ.app/www/index.html
2014-08-28 02:57:17.306 ParkingVQ[22648:70b] Multi-tasking -> Device: YES, App: YES
2014-08-28 02:57:17.344 ParkingVQ[22648:70b] Unlimited access to network resources
2014-08-28 02:57:17.352 ParkingVQ[22648:70b] 

Started backup to iCloud! Please be careful.
Your application might rejected by Apple if you store too much data.
For more information please read "iOS Data Storage Guidelines"
You could find it at the following address https://developer.apple.com/icloud/documentation/data-storage/ .

2014-08-28 02:57:18.441 ParkingVQ[22648:70b] Resetting plugins due to page load.
2014-08-28 02:57:19.521 ParkingVQ[22648:70b] Finished load of: file:///Users/ddrmanxbxfr/Library/Application%20Support/iPhone%20Simulator/7.1/Applications/A2D269E1-4768-4D95-9A2A-5731A1D6B25F/ParkingVQ.app/www/index.html
2014-08-28 03:01:55.362 ParkingVQ[23069:70b] Multi-tasking -> Device: YES, App: YES
2014-08-28 03:01:55.570 ParkingVQ[23069:70b] Unlimited access to network resources
2014-08-28 03:01:55.608 ParkingVQ[23069:70b] 

Started backup to iCloud! Please be careful.
Your application might rejected by Apple if you store too much data.
For more information please read "iOS Data Storage Guidelines"
You could find it at the following address https://developer.apple.com/icloud/documentation/data-storage/ .

2014-08-28 03:01:56.494 ParkingVQ[23069:70b] Resetting plugins due to page load.
2014-08-28 03:01:57.296 ParkingVQ[23069:70b] Finished load of: file:///Users/ddrmanxbxfr/Library/Application%20Support/iPhone%20Simulator/7.1/Applications/A2D269E1-4768-4D95-9A2A-5731A1D6B25F/ParkingVQ.app/www/index.html
2014-08-28 03:36:26.532 ParkingVQ[24332:70b] Multi-tasking -> Device: YES, App: YES
2014-08-28 03:36:26.569 ParkingVQ[24332:70b] Unlimited access to network resources
2014-08-28 03:36:26.579 ParkingVQ[24332:70b] 

Started backup to iCloud! Please be careful.
Your application might rejected by Apple if you store too much data.
For more information please read "iOS Data Storage Guidelines"
You could find it at the following address https://developer.apple.com/icloud/documentation/data-storage/ .

2014-08-28 03:36:27.235 ParkingVQ[24332:70b] Resetting plugins due to page load.
2014-08-28 03:36:27.996 ParkingVQ[24332:70b] Finished load of: file:///Users/ddrmanxbxfr/Library/Application%20Support/iPhone%20Simulator/7.1/Applications/A2D269E1-4768-4D95-9A2A-5731A1D6B25F/ParkingVQ.app/www/index.html
2014-08-28 03:59:56.064 ParkingVQ[25765:70b] Multi-tasking -> Device: YES, App: YES
2014-08-28 03:59:56.229 ParkingVQ[25765:70b] Unlimited access to network resources
2014-08-28 03:59:56.300 ParkingVQ[25765:70b] 

Started backup to iCloud! Please be careful.
Your application might rejected by Apple if you store too much data.
For more information please read "iOS Data Storage Guidelines"
You could find it at the following address https://developer.apple.com/icloud/documentation/data-storage/ .

2014-08-28 03:59:56.935 ParkingVQ[25765:70b] Resetting plugins due to page load.
2014-08-28 03:59:58.084 ParkingVQ[25765:70b] Finished load of: file:///Users/ddrmanxbxfr/Library/Application%20Support/iPhone%20Simulator/7.1/Applications/A2D269E1-4768-4D95-9A2A-5731A1D6B25F/ParkingVQ.app/www/index.html
